<?xml version="1.0" encoding="UTF-8"?>
<testng-results skipped="0" failed="0" ignored="0" total="1" passed="1">
  <reporter-output>
  </reporter-output>
  <suite name="Default suite" duration-ms="67294" started-at="2019-03-29T13:16:20Z" finished-at="2019-03-29T13:17:27Z">
    <groups>
    </groups>
    <test name="Default test" duration-ms="67294" started-at="2019-03-29T13:16:20Z" finished-at="2019-03-29T13:17:27Z">
      <class name="com.QualityTestCases.TestCase1">
        <test-method status="PASS" signature="PositiveFlow()[pri:0, instance:com.QualityTestCases.TestCase1@5e82df6a]" name="PositiveFlow" duration-ms="67273" started-at="2019-03-29T13:16:20Z" finished-at="2019-03-29T13:17:27Z">
          <reporter-output>
          </reporter-output>
        </test-method> <!-- PositiveFlow -->
      </class> <!-- com.QualityTestCases.TestCase1 -->
    </test> <!-- Default test -->
  </suite> <!-- Default suite -->
</testng-results>
